# JRE version: OpenJDK Runtime Environment (8.0_152-b01) (build 1.8.0_152-release-1343-b01)
# Java VM: OpenJDK 64-Bit Server VM (25.152-b01 mixed mode windows-amd64 compressed oops)
Heap:
 PSYoungGen      total 121344K, used 36331K [0x00000000e0000000, 0x00000000e8b00000, 0x0000000100000000)
  eden space 105472K, 19% used [0x00000000e0000000,0x00000000e1402760,0x00000000e6700000)
  from space 15872K, 99% used [0x00000000e6980000,0x00000000e78f8710,0x00000000e7900000)
  to   space 18432K, 0% used [0x00000000e7900000,0x00000000e7900000,0x00000000e8b00000)
 ParOldGen       total 145408K, used 32961K [0x00000000a0000000, 0x00000000a8e00000, 0x00000000e0000000)
  object space 145408K, 22% used [0x00000000a0000000,0x00000000a2030638,0x00000000a8e00000)
 Metaspace       used 72338K, capacity 74918K, committed 75136K, reserved 1114112K
  class space    used 9507K, capacity 10066K, committed 10112K, reserved 1048576K
GC Heap History (10 events):
Event: 40.195 GC heap before
{Heap before GC invocations=16 (full 2):
 PSYoungGen      total 93184K, used 83363K [0x00000000e0000000, 0x00000000e7780000, 0x0000000100000000)
  eden space 82432K, 88% used [0x00000000e0000000,0x00000000e46eb4f8,0x00000000e5080000)
  from space 10752K, 99% used [0x00000000e5080000,0x00000000e5afd980,0x00000000e5b00000)
  to   space 13312K, 0% used [0x00000000e6a80000,0x00000000e6a80000,0x00000000e7780000)
 ParOldGen       total 97280K, used 18748K [0x00000000a0000000, 0x00000000a5f00000, 0x00000000e0000000)
  object space 97280K, 19% used [0x00000000a0000000,0x00000000a124f1e8,0x00000000a5f00000)
 Metaspace       used 57502K, capacity 59024K, committed 59096K, reserved 1099776K
  class space    used 7641K, capacity 8024K, committed 8064K, reserved 1048576K
Event: 40.216 GC heap after
Heap after GC invocations=16 (full 2):
 PSYoungGen      total 106496K, used 13299K [0x00000000e0000000, 0x00000000e8180000, 0x0000000100000000)
  eden space 93184K, 0% used [0x00000000e0000000,0x00000000e0000000,0x00000000e5b00000)
  from space 13312K, 99% used [0x00000000e6a80000,0x00000000e777cc78,0x00000000e7780000)
  to   space 15872K, 0% used [0x00000000e5b00000,0x00000000e5b00000,0x00000000e6a80000)
 ParOldGen       total 97280K, used 22066K [0x00000000a0000000, 0x00000000a5f00000, 0x00000000e0000000)
  object space 97280K, 22% used [0x00000000a0000000,0x00000000a158caa8,0x00000000a5f00000)
 Metaspace       used 57502K, capacity 59024K, committed 59096K, reserved 1099776K
  class space    used 7641K, capacity 8024K, committed 8064K, reserved 1048576K
}
Event: 40.216 GC heap before
{Heap before GC invocations=17 (full 3):
 PSYoungGen      total 106496K, used 13299K [0x00000000e0000000, 0x00000000e8180000, 0x0000000100000000)
  eden space 93184K, 0% used [0x00000000e0000000,0x00000000e0000000,0x00000000e5b00000)
  from space 13312K, 99% used [0x00000000e6a80000,0x00000000e777cc78,0x00000000e7780000)
  to   space 15872K, 0% used [0x00000000e5b00000,0x00000000e5b00000,0x00000000e6a80000)
 ParOldGen       total 97280K, used 22066K [0x00000000a0000000, 0x00000000a5f00000, 0x00000000e0000000)
  object space 97280K, 22% used [0x00000000a0000000,0x00000000a158caa8,0x00000000a5f00000)
 Metaspace       used 57502K, capacity 59024K, committed 59096K, reserved 1099776K
  class space    used 7641K, capacity 8024K, committed 8064K, reserved 1048576K
Event: 40.530 GC heap after
Heap after GC invocations=17 (full 3):
 PSYoungGen      total 106496K, used 0K [0x00000000e0000000, 0x00000000e8180000, 0x0000000100000000)
  eden space 93184K, 0% used [0x00000000e0000000,0x00000000e0000000,0x00000000e5b00000)
  from space 13312K, 0% used [0x00000000e6a80000,0x00000000e6a80000,0x00000000e7780000)
  to   space 15872K, 0% used [0x00000000e5b00000,0x00000000e5b00000,0x00000000e6a80000)
 ParOldGen       total 145408K, used 31388K [0x00000000a0000000, 0x00000000a8e00000, 0x00000000e0000000)
  object space 145408K, 21% used [0x00000000a0000000,0x00000000a1ea7238,0x00000000a8e00000)
 Metaspace       used 57477K, capacity 58936K, committed 59096K, reserved 1099776K
  class space    used 7634K, capacity 8016K, committed 8064K, reserved 1048576K
}
Event: 43.953 GC heap before
{Heap before GC invocations=18 (full 3):
 PSYoungGen      total 106496K, used 93184K [0x00000000e0000000, 0x00000000e8180000, 0x0000000100000000)
  eden space 93184K, 100% used [0x00000000e0000000,0x00000000e5b00000,0x00000000e5b00000)
  from space 13312K, 0% used [0x00000000e6a80000,0x00000000e6a80000,0x00000000e7780000)
  to   space 15872K, 0% used [0x00000000e5b00000,0x00000000e5b00000,0x00000000e6a80000)
 ParOldGen       total 145408K, used 31388K [0x00000000a0000000, 0x00000000a8e00000, 0x00000000e0000000)
  object space 145408K, 21% used [0x00000000a0000000,0x00000000a1ea7238,0x00000000a8e00000)
 Metaspace       used 63097K, capacity 65006K, committed 65280K, reserved 1105920K
  class space    used 8531K, capacity 8932K, committed 8960K, reserved 1048576K
Event: 43.969 GC heap after
Heap after GC invocations=18 (full 3):
 PSYoungGen      total 109056K, used 8446K [0x00000000e0000000, 0x00000000e8880000, 0x0000000100000000)
  eden space 93184K, 0% used [0x00000000e0000000,0x00000000e0000000,0x00000000e5b00000)
  from space 15872K, 53% used [0x00000000e5b00000,0x00000000e633f888,0x00000000e6a80000)
  to   space 15360K, 0% used [0x00000000e7980000,0x00000000e7980000,0x00000000e8880000)
 ParOldGen       total 145408K, used 31396K [0x00000000a0000000, 0x00000000a8e00000, 0x00000000e0000000)
  object space 145408K, 21% used [0x00000000a0000000,0x00000000a1ea9238,0x00000000a8e00000)
 Metaspace       used 63097K, capacity 65006K, committed 65280K, reserved 1105920K
  class space    used 8531K, capacity 8932K, committed 8960K, reserved 1048576K
}
Event: 51.139 GC heap before
{Heap before GC invocations=19 (full 3):
 PSYoungGen      total 109056K, used 101630K [0x00000000e0000000, 0x00000000e8880000, 0x0000000100000000)
  eden space 93184K, 100% used [0x00000000e0000000,0x00000000e5b00000,0x00000000e5b00000)
  from space 15872K, 53% used [0x00000000e5b00000,0x00000000e633f888,0x00000000e6a80000)
  to   space 15360K, 0% used [0x00000000e7980000,0x00000000e7980000,0x00000000e8880000)
 ParOldGen       total 145408K, used 31396K [0x00000000a0000000, 0x00000000a8e00000, 0x00000000e0000000)
  object space 145408K, 21% used [0x00000000a0000000,0x00000000a1ea9238,0x00000000a8e00000)
 Metaspace       used 66517K, capacity 68818K, committed 68864K, reserved 1107968K
  class space    used 8953K, capacity 9465K, committed 9472K, reserved 1048576K
Event: 51.160 GC heap after
Heap after GC invocations=19 (full 3):
 PSYoungGen      total 123392K, used 11356K [0x00000000e0000000, 0x00000000e8880000, 0x0000000100000000)
  eden space 108032K, 0% used [0x00000000e0000000,0x00000000e0000000,0x00000000e6980000)
  from space 15360K, 73% used [0x00000000e7980000,0x00000000e8497110,0x00000000e8880000)
  to   space 15872K, 0% used [0x00000000e6980000,0x00000000e6980000,0x00000000e7900000)
 ParOldGen       total 145408K, used 31404K [0x00000000a0000000, 0x00000000a8e00000, 0x00000000e0000000)
  object space 145408K, 21% used [0x00000000a0000000,0x00000000a1eab238,0x00000000a8e00000)
 Metaspace       used 66517K, capacity 68818K, committed 68864K, reserved 1107968K
  class space    used 8953K, capacity 9465K, committed 9472K, reserved 1048576K
}
Event: 1033.360 GC heap before
{Heap before GC invocations=20 (full 3):
 PSYoungGen      total 123392K, used 119388K [0x00000000e0000000, 0x00000000e8880000, 0x0000000100000000)
  eden space 108032K, 100% used [0x00000000e0000000,0x00000000e6980000,0x00000000e6980000)
  from space 15360K, 73% used [0x00000000e7980000,0x00000000e8497110,0x00000000e8880000)
  to   space 15872K, 0% used [0x00000000e6980000,0x00000000e6980000,0x00000000e7900000)
 ParOldGen       total 145408K, used 31404K [0x00000000a0000000, 0x00000000a8e00000, 0x00000000e0000000)
  object space 145408K, 21% used [0x00000000a0000000,0x00000000a1eab238,0x00000000a8e00000)
 Metaspace       used 72000K, capacity 74560K, committed 74880K, reserved 1114112K
  class space    used 9470K, capacity 10023K, committed 10112K, reserved 1048576K
Event: 1033.405 GC heap after
Heap after GC invocations=20 (full 3):
 PSYoungGen      total 121344K, used 15841K [0x00000000e0000000, 0x00000000e8b00000, 0x0000000100000000)
  eden space 105472K, 0% used [0x00000000e0000000,0x00000000e0000000,0x00000000e6700000)
  from space 15872K, 99% used [0x00000000e6980000,0x00000000e78f8710,0x00000000e7900000)
  to   space 18432K, 0% used [0x00000000e7900000,0x00000000e7900000,0x00000000e8b00000)
 ParOldGen       total 145408K, used 32961K [0x00000000a0000000, 0x00000000a8e00000, 0x00000000e0000000)
  object space 145408K, 22% used [0x00000000a0000000,0x00000000a2030638,0x00000000a8e00000)
 Metaspace       used 72000K, capacity 74560K, committed 74880K, reserved 1114112K
  class space    used 9470K, capacity 10023K, committed 10112K, reserved 1048576K
}

