# JRE version: OpenJDK Runtime Environment (8.0_152-b01) (build 1.8.0_152-release-1343-b01)
# Java VM: OpenJDK 64-Bit Server VM (25.152-b01 mixed mode windows-amd64 compressed oops)
Heap:
 PSYoungGen      total 105472K, used 14191K [0x00000000e0000000, 0x00000000e7e00000, 0x0000000100000000)
  eden space 94208K, 15% used [0x00000000e0000000,0x00000000e0ddbfd8,0x00000000e5c00000)
  from space 11264K, 0% used [0x00000000e5c00000,0x00000000e5c00000,0x00000000e6700000)
  to   space 12288K, 0% used [0x00000000e7200000,0x00000000e7200000,0x00000000e7e00000)
 ParOldGen       total 101888K, used 28034K [0x00000000a0000000, 0x00000000a6380000, 0x00000000e0000000)
  object space 101888K, 27% used [0x00000000a0000000,0x00000000a1b609d8,0x00000000a6380000)
 Metaspace       used 50603K, capacity 51742K, committed 51968K, reserved 1097728K
  class space    used 6822K, capacity 7117K, committed 7168K, reserved 1048576K
GC Heap History (10 events):
Event: 16.787 GC heap before
{Heap before GC invocations=11 (full 2):
 PSYoungGen      total 105472K, used 10626K [0x00000000e0000000, 0x00000000e8980000, 0x0000000100000000)
  eden space 94208K, 0% used [0x00000000e0000000,0x00000000e0000000,0x00000000e5c00000)
  from space 11264K, 94% used [0x00000000e5c00000,0x00000000e6660a70,0x00000000e6700000)
  to   space 12288K, 0% used [0x00000000e7d80000,0x00000000e7d80000,0x00000000e8980000)
 ParOldGen       total 62976K, used 7641K [0x00000000a0000000, 0x00000000a3d80000, 0x00000000e0000000)
  object space 62976K, 12% used [0x00000000a0000000,0x00000000a07767f8,0x00000000a3d80000)
 Metaspace       used 34704K, capacity 35428K, committed 35456K, reserved 1079296K
  class space    used 4783K, capacity 4984K, committed 4992K, reserved 1048576K
Event: 16.868 GC heap after
Heap after GC invocations=11 (full 2):
 PSYoungGen      total 105472K, used 0K [0x00000000e0000000, 0x00000000e8980000, 0x0000000100000000)
  eden space 94208K, 0% used [0x00000000e0000000,0x00000000e0000000,0x00000000e5c00000)
  from space 11264K, 0% used [0x00000000e5c00000,0x00000000e5c00000,0x00000000e6700000)
  to   space 12288K, 0% used [0x00000000e7d80000,0x00000000e7d80000,0x00000000e8980000)
 ParOldGen       total 101888K, used 17353K [0x00000000a0000000, 0x00000000a6380000, 0x00000000e0000000)
  object space 101888K, 17% used [0x00000000a0000000,0x00000000a10f26d8,0x00000000a6380000)
 Metaspace       used 34704K, capacity 35428K, committed 35456K, reserved 1079296K
  class space    used 4783K, capacity 4984K, committed 4992K, reserved 1048576K
}
Event: 19.510 GC heap before
{Heap before GC invocations=12 (full 2):
 PSYoungGen      total 105472K, used 67273K [0x00000000e0000000, 0x00000000e8980000, 0x0000000100000000)
  eden space 94208K, 71% used [0x00000000e0000000,0x00000000e41b2510,0x00000000e5c00000)
  from space 11264K, 0% used [0x00000000e5c00000,0x00000000e5c00000,0x00000000e6700000)
  to   space 12288K, 0% used [0x00000000e7d80000,0x00000000e7d80000,0x00000000e8980000)
 ParOldGen       total 101888K, used 17353K [0x00000000a0000000, 0x00000000a6380000, 0x00000000e0000000)
  object space 101888K, 17% used [0x00000000a0000000,0x00000000a10f26d8,0x00000000a6380000)
 Metaspace       used 42417K, capacity 43388K, committed 43520K, reserved 1091584K
  class space    used 5774K, capacity 6029K, committed 6144K, reserved 1048576K
Event: 19.528 GC heap after
Heap after GC invocations=12 (full 2):
 PSYoungGen      total 106496K, used 9090K [0x00000000e0000000, 0x00000000e8980000, 0x0000000100000000)
  eden space 94208K, 0% used [0x00000000e0000000,0x00000000e0000000,0x00000000e5c00000)
  from space 12288K, 73% used [0x00000000e7d80000,0x00000000e8660a28,0x00000000e8980000)
  to   space 11264K, 0% used [0x00000000e5c00000,0x00000000e5c00000,0x00000000e6700000)
 ParOldGen       total 101888K, used 17361K [0x00000000a0000000, 0x00000000a6380000, 0x00000000e0000000)
  object space 101888K, 17% used [0x00000000a0000000,0x00000000a10f46d8,0x00000000a6380000)
 Metaspace       used 42417K, capacity 43388K, committed 43520K, reserved 1091584K
  class space    used 5774K, capacity 6029K, committed 6144K, reserved 1048576K
}
Event: 19.528 GC heap before
{Heap before GC invocations=13 (full 3):
 PSYoungGen      total 106496K, used 9090K [0x00000000e0000000, 0x00000000e8980000, 0x0000000100000000)
  eden space 94208K, 0% used [0x00000000e0000000,0x00000000e0000000,0x00000000e5c00000)
  from space 12288K, 73% used [0x00000000e7d80000,0x00000000e8660a28,0x00000000e8980000)
  to   space 11264K, 0% used [0x00000000e5c00000,0x00000000e5c00000,0x00000000e6700000)
 ParOldGen       total 101888K, used 17361K [0x00000000a0000000, 0x00000000a6380000, 0x00000000e0000000)
  object space 101888K, 17% used [0x00000000a0000000,0x00000000a10f46d8,0x00000000a6380000)
 Metaspace       used 42417K, capacity 43388K, committed 43520K, reserved 1091584K
  class space    used 5774K, capacity 6029K, committed 6144K, reserved 1048576K
Event: 19.810 GC heap after
Heap after GC invocations=13 (full 3):
 PSYoungGen      total 106496K, used 0K [0x00000000e0000000, 0x00000000e8980000, 0x0000000100000000)
  eden space 94208K, 0% used [0x00000000e0000000,0x00000000e0000000,0x00000000e5c00000)
  from space 12288K, 0% used [0x00000000e7d80000,0x00000000e7d80000,0x00000000e8980000)
  to   space 11264K, 0% used [0x00000000e5c00000,0x00000000e5c00000,0x00000000e6700000)
 ParOldGen       total 101888K, used 24094K [0x00000000a0000000, 0x00000000a6380000, 0x00000000e0000000)
  object space 101888K, 23% used [0x00000000a0000000,0x00000000a1787ae0,0x00000000a6380000)
 Metaspace       used 42417K, capacity 43388K, committed 43520K, reserved 1089536K
  class space    used 5774K, capacity 6029K, committed 6144K, reserved 1048576K
}
Event: 22.548 GC heap before
{Heap before GC invocations=14 (full 3):
 PSYoungGen      total 106496K, used 75772K [0x00000000e0000000, 0x00000000e8980000, 0x0000000100000000)
  eden space 94208K, 80% used [0x00000000e0000000,0x00000000e49ff1b0,0x00000000e5c00000)
  from space 12288K, 0% used [0x00000000e7d80000,0x00000000e7d80000,0x00000000e8980000)
  to   space 11264K, 0% used [0x00000000e5c00000,0x00000000e5c00000,0x00000000e6700000)
 ParOldGen       total 101888K, used 24094K [0x00000000a0000000, 0x00000000a6380000, 0x00000000e0000000)
  object space 101888K, 23% used [0x00000000a0000000,0x00000000a1787ae0,0x00000000a6380000)
 Metaspace       used 48148K, capacity 49262K, committed 49408K, reserved 1097728K
  class space    used 6554K, capacity 6825K, committed 6912K, reserved 1048576K
Event: 22.557 GC heap after
Heap after GC invocations=14 (full 3):
 PSYoungGen      total 105472K, used 8736K [0x00000000e0000000, 0x00000000e7e00000, 0x0000000100000000)
  eden space 94208K, 0% used [0x00000000e0000000,0x00000000e0000000,0x00000000e5c00000)
  from space 11264K, 77% used [0x00000000e5c00000,0x00000000e6488000,0x00000000e6700000)
  to   space 12288K, 0% used [0x00000000e7200000,0x00000000e7200000,0x00000000e7e00000)
 ParOldGen       total 101888K, used 24102K [0x00000000a0000000, 0x00000000a6380000, 0x00000000e0000000)
  object space 101888K, 23% used [0x00000000a0000000,0x00000000a1789ae0,0x00000000a6380000)
 Metaspace       used 48148K, capacity 49262K, committed 49408K, reserved 1097728K
  class space    used 6554K, capacity 6825K, committed 6912K, reserved 1048576K
}
Event: 22.557 GC heap before
{Heap before GC invocations=15 (full 4):
 PSYoungGen      total 105472K, used 8736K [0x00000000e0000000, 0x00000000e7e00000, 0x0000000100000000)
  eden space 94208K, 0% used [0x00000000e0000000,0x00000000e0000000,0x00000000e5c00000)
  from space 11264K, 77% used [0x00000000e5c00000,0x00000000e6488000,0x00000000e6700000)
  to   space 12288K, 0% used [0x00000000e7200000,0x00000000e7200000,0x00000000e7e00000)
 ParOldGen       total 101888K, used 24102K [0x00000000a0000000, 0x00000000a6380000, 0x00000000e0000000)
  object space 101888K, 23% used [0x00000000a0000000,0x00000000a1789ae0,0x00000000a6380000)
 Metaspace       used 48148K, capacity 49262K, committed 49408K, reserved 1097728K
  class space    used 6554K, capacity 6825K, committed 6912K, reserved 1048576K
Event: 22.634 GC heap after
Heap after GC invocations=15 (full 4):
 PSYoungGen      total 105472K, used 0K [0x00000000e0000000, 0x00000000e7e00000, 0x0000000100000000)
  eden space 94208K, 0% used [0x00000000e0000000,0x00000000e0000000,0x00000000e5c00000)
  from space 11264K, 0% used [0x00000000e5c00000,0x00000000e5c00000,0x00000000e6700000)
  to   space 12288K, 0% used [0x00000000e7200000,0x00000000e7200000,0x00000000e7e00000)
 ParOldGen       total 101888K, used 28034K [0x00000000a0000000, 0x00000000a6380000, 0x00000000e0000000)
  object space 101888K, 27% used [0x00000000a0000000,0x00000000a1b609d8,0x00000000a6380000)
 Metaspace       used 48148K, capacity 49262K, committed 49408K, reserved 1095680K
  class space    used 6554K, capacity 6825K, committed 6912K, reserved 1048576K
}

